# JRE version: OpenJDK Runtime Environment (8.0_112-b06) (build 1.8.0_112-release-b06)
# Java VM: OpenJDK 64-Bit Server VM (25.112-b06 mixed mode windows-amd64 compressed oops)
Heap:
 PSYoungGen      total 80896K, used 26250K [0x00000000e0000000, 0x00000000e6b00000, 0x0000000100000000)
  eden space 69632K, 37% used [0x00000000e0000000,0x00000000e19a2bd0,0x00000000e4400000)
  from space 11264K, 0% used [0x00000000e6000000,0x00000000e6000000,0x00000000e6b00000)
  to   space 9728K, 0% used [0x00000000e4400000,0x00000000e4400000,0x00000000e4d80000)
 ParOldGen       total 65536K, used 14861K [0x00000000a0000000, 0x00000000a4000000, 0x00000000e0000000)
  object space 65536K, 22% used [0x00000000a0000000,0x00000000a0e83498,0x00000000a4000000)
 Metaspace       used 36472K, capacity 37212K, committed 37424K, reserved 1081344K
  class space    used 4912K, capacity 5148K, committed 5168K, reserved 1048576K
GC Heap History (10 events):
Event: 7.070 GC heap before
{Heap before GC invocations=8 (full 1):
 PSYoungGen      total 58368K, used 55155K [0x00000000e0000000, 0x00000000e4400000, 0x0000000100000000)
  eden space 49152K, 100% used [0x00000000e0000000,0x00000000e3000000,0x00000000e3000000)
  from space 9216K, 65% used [0x00000000e3b00000,0x00000000e40dcf50,0x00000000e4400000)
  to   space 10240K, 0% used [0x00000000e3000000,0x00000000e3000000,0x00000000e3a00000)
 ParOldGen       total 65536K, used 8469K [0x00000000a0000000, 0x00000000a4000000, 0x00000000e0000000)
  object space 65536K, 12% used [0x00000000a0000000,0x00000000a0845688,0x00000000a4000000)
 Metaspace       used 28975K, capacity 29716K, committed 29872K, reserved 1075200K
  class space    used 3997K, capacity 4229K, committed 4272K, reserved 1048576K
Event: 7.078 GC heap after
Heap after GC invocations=8 (full 1):
 PSYoungGen      total 59392K, used 6757K [0x00000000e0000000, 0x00000000e5980000, 0x0000000100000000)
  eden space 49152K, 0% used [0x00000000e0000000,0x00000000e0000000,0x00000000e3000000)
  from space 10240K, 65% used [0x00000000e3000000,0x00000000e3699560,0x00000000e3a00000)
  to   space 9728K, 0% used [0x00000000e5000000,0x00000000e5000000,0x00000000e5980000)
 ParOldGen       total 65536K, used 8477K [0x00000000a0000000, 0x00000000a4000000, 0x00000000e0000000)
  object space 65536K, 12% used [0x00000000a0000000,0x00000000a0847688,0x00000000a4000000)
 Metaspace       used 28975K, capacity 29716K, committed 29872K, reserved 1075200K
  class space    used 3997K, capacity 4229K, committed 4272K, reserved 1048576K
}
Event: 9.588 GC heap before
{Heap before GC invocations=9 (full 1):
 PSYoungGen      total 59392K, used 55909K [0x00000000e0000000, 0x00000000e5980000, 0x0000000100000000)
  eden space 49152K, 100% used [0x00000000e0000000,0x00000000e3000000,0x00000000e3000000)
  from space 10240K, 65% used [0x00000000e3000000,0x00000000e3699560,0x00000000e3a00000)
  to   space 9728K, 0% used [0x00000000e5000000,0x00000000e5000000,0x00000000e5980000)
 ParOldGen       total 65536K, used 8477K [0x00000000a0000000, 0x00000000a4000000, 0x00000000e0000000)
  object space 65536K, 12% used [0x00000000a0000000,0x00000000a0847688,0x00000000a4000000)
 Metaspace       used 29397K, capacity 30170K, committed 30384K, reserved 1075200K
  class space    used 4010K, capacity 4230K, committed 4272K, reserved 1048576K
Event: 9.595 GC heap after
Heap after GC invocations=9 (full 1):
 PSYoungGen      total 76800K, used 5280K [0x00000000e0000000, 0x00000000e5700000, 0x0000000100000000)
  eden space 69632K, 0% used [0x00000000e0000000,0x00000000e0000000,0x00000000e4400000)
  from space 7168K, 73% used [0x00000000e5000000,0x00000000e5528010,0x00000000e5700000)
  to   space 9728K, 0% used [0x00000000e4400000,0x00000000e4400000,0x00000000e4d80000)
 ParOldGen       total 65536K, used 8557K [0x00000000a0000000, 0x00000000a4000000, 0x00000000e0000000)
  object space 65536K, 13% used [0x00000000a0000000,0x00000000a085b6b0,0x00000000a4000000)
 Metaspace       used 29397K, capacity 30170K, committed 30384K, reserved 1075200K
  class space    used 4010K, capacity 4230K, committed 4272K, reserved 1048576K
}
Event: 11.088 GC heap before
{Heap before GC invocations=10 (full 1):
 PSYoungGen      total 76800K, used 74912K [0x00000000e0000000, 0x00000000e5700000, 0x0000000100000000)
  eden space 69632K, 100% used [0x00000000e0000000,0x00000000e4400000,0x00000000e4400000)
  from space 7168K, 73% used [0x00000000e5000000,0x00000000e5528010,0x00000000e5700000)
  to   space 9728K, 0% used [0x00000000e4400000,0x00000000e4400000,0x00000000e4d80000)
 ParOldGen       total 65536K, used 8557K [0x00000000a0000000, 0x00000000a4000000, 0x00000000e0000000)
  object space 65536K, 13% used [0x00000000a0000000,0x00000000a085b6b0,0x00000000a4000000)
 Metaspace       used 34090K, capacity 34888K, committed 35120K, reserved 1079296K
  class space    used 4614K, capacity 4848K, committed 4912K, reserved 1048576K
Event: 11.102 GC heap after
Heap after GC invocations=10 (full 1):
 PSYoungGen      total 79360K, used 9708K [0x00000000e0000000, 0x00000000e6b00000, 0x0000000100000000)
  eden space 69632K, 0% used [0x00000000e0000000,0x00000000e0000000,0x00000000e4400000)
  from space 9728K, 99% used [0x00000000e4400000,0x00000000e4d7b260,0x00000000e4d80000)
  to   space 11264K, 0% used [0x00000000e6000000,0x00000000e6000000,0x00000000e6b00000)
 ParOldGen       total 65536K, used 9958K [0x00000000a0000000, 0x00000000a4000000, 0x00000000e0000000)
  object space 65536K, 15% used [0x00000000a0000000,0x00000000a09b98d8,0x00000000a4000000)
 Metaspace       used 34090K, capacity 34888K, committed 35120K, reserved 1079296K
  class space    used 4614K, capacity 4848K, committed 4912K, reserved 1048576K
}
Event: 11.186 GC heap before
{Heap before GC invocations=11 (full 1):
 PSYoungGen      total 79360K, used 15141K [0x00000000e0000000, 0x00000000e6b00000, 0x0000000100000000)
  eden space 69632K, 7% used [0x00000000e0000000,0x00000000e054e208,0x00000000e4400000)
  from space 9728K, 99% used [0x00000000e4400000,0x00000000e4d7b260,0x00000000e4d80000)
  to   space 11264K, 0% used [0x00000000e6000000,0x00000000e6000000,0x00000000e6b00000)
 ParOldGen       total 65536K, used 9958K [0x00000000a0000000, 0x00000000a4000000, 0x00000000e0000000)
  object space 65536K, 15% used [0x00000000a0000000,0x00000000a09b98d8,0x00000000a4000000)
 Metaspace       used 34635K, capacity 35380K, committed 35496K, reserved 1079296K
  class space    used 4691K, capacity 4882K, committed 4912K, reserved 1048576K
Event: 11.202 GC heap after
Heap after GC invocations=11 (full 1):
 PSYoungGen      total 80896K, used 7978K [0x00000000e0000000, 0x00000000e6b00000, 0x0000000100000000)
  eden space 69632K, 0% used [0x00000000e0000000,0x00000000e0000000,0x00000000e4400000)
  from space 11264K, 70% used [0x00000000e6000000,0x00000000e67caab0,0x00000000e6b00000)
  to   space 9728K, 0% used [0x00000000e4400000,0x00000000e4400000,0x00000000e4d80000)
 ParOldGen       total 65536K, used 9958K [0x00000000a0000000, 0x00000000a4000000, 0x00000000e0000000)
  object space 65536K, 15% used [0x00000000a0000000,0x00000000a09b98d8,0x00000000a4000000)
 Metaspace       used 34635K, capacity 35380K, committed 35496K, reserved 1079296K
  class space    used 4691K, capacity 4882K, committed 4912K, reserved 1048576K
}
Event: 11.202 GC heap before
{Heap before GC invocations=12 (full 2):
 PSYoungGen      total 80896K, used 7978K [0x00000000e0000000, 0x00000000e6b00000, 0x0000000100000000)
  eden space 69632K, 0% used [0x00000000e0000000,0x00000000e0000000,0x00000000e4400000)
  from space 11264K, 70% used [0x00000000e6000000,0x00000000e67caab0,0x00000000e6b00000)
  to   space 9728K, 0% used [0x00000000e4400000,0x00000000e4400000,0x00000000e4d80000)
 ParOldGen       total 65536K, used 9958K [0x00000000a0000000, 0x00000000a4000000, 0x00000000e0000000)
  object space 65536K, 15% used [0x00000000a0000000,0x00000000a09b98d8,0x00000000a4000000)
 Metaspace       used 34635K, capacity 35380K, committed 35496K, reserved 1079296K
  class space    used 4691K, capacity 4882K, committed 4912K, reserved 1048576K
Event: 11.294 GC heap after
Heap after GC invocations=12 (full 2):
 PSYoungGen      total 80896K, used 0K [0x00000000e0000000, 0x00000000e6b00000, 0x0000000100000000)
  eden space 69632K, 0% used [0x00000000e0000000,0x00000000e0000000,0x00000000e4400000)
  from space 11264K, 0% used [0x00000000e6000000,0x00000000e6000000,0x00000000e6b00000)
  to   space 9728K, 0% used [0x00000000e4400000,0x00000000e4400000,0x00000000e4d80000)
 ParOldGen       total 65536K, used 14861K [0x00000000a0000000, 0x00000000a4000000, 0x00000000e0000000)
  object space 65536K, 22% used [0x00000000a0000000,0x00000000a0e83498,0x00000000a4000000)
 Metaspace       used 34635K, capacity 35380K, committed 35496K, reserved 1079296K
  class space    used 4691K, capacity 4882K, committed 4912K, reserved 1048576K
}

