# JRE version: OpenJDK Runtime Environment (8.0_112-b06) (build 1.8.0_112-release-b06)
# Java VM: OpenJDK 64-Bit Server VM (25.112-b06 mixed mode windows-amd64 compressed oops)
Heap:
 PSYoungGen      total 87552K, used 77209K [0x00000000e0000000, 0x00000000e7100000, 0x0000000100000000)
  eden space 76800K, 86% used [0x00000000e0000000,0x00000000e40ea518,0x00000000e4b00000)
  from space 10752K, 99% used [0x00000000e4b00000,0x00000000e557c1c8,0x00000000e5580000)
  to   space 11776K, 0% used [0x00000000e6580000,0x00000000e6580000,0x00000000e7100000)
 ParOldGen       total 107520K, used 17793K [0x00000000a0000000, 0x00000000a6900000, 0x00000000e0000000)
  object space 107520K, 16% used [0x00000000a0000000,0x00000000a1160430,0x00000000a6900000)
 Metaspace       used 48329K, capacity 49558K, committed 49840K, reserved 1091584K
  class space    used 6462K, capacity 6742K, committed 6832K, reserved 1048576K
GC Heap History (10 events):
Event: 6.963 GC heap before
{Heap before GC invocations=9 (full 1):
 PSYoungGen      total 56832K, used 53228K [0x00000000e0000000, 0x00000000e5280000, 0x0000000100000000)
  eden space 46592K, 100% used [0x00000000e0000000,0x00000000e2d80000,0x00000000e2d80000)
  from space 10240K, 64% used [0x00000000e2d80000,0x00000000e33fb030,0x00000000e3780000)
  to   space 9728K, 0% used [0x00000000e4900000,0x00000000e4900000,0x00000000e5280000)
 ParOldGen       total 65024K, used 8553K [0x00000000a0000000, 0x00000000a3f80000, 0x00000000e0000000)
  object space 65024K, 13% used [0x00000000a0000000,0x00000000a085a5e0,0x00000000a3f80000)
 Metaspace       used 29311K, capacity 30036K, committed 30384K, reserved 1075200K
  class space    used 3999K, capacity 4229K, committed 4272K, reserved 1048576K
Event: 6.970 GC heap after
Heap after GC invocations=9 (full 1):
 PSYoungGen      total 71680K, used 5492K [0x00000000e0000000, 0x00000000e5100000, 0x0000000100000000)
  eden space 63488K, 0% used [0x00000000e0000000,0x00000000e0000000,0x00000000e3e00000)
  from space 8192K, 67% used [0x00000000e4900000,0x00000000e4e5d020,0x00000000e5100000)
  to   space 9728K, 0% used [0x00000000e3e00000,0x00000000e3e00000,0x00000000e4780000)
 ParOldGen       total 65024K, used 8561K [0x00000000a0000000, 0x00000000a3f80000, 0x00000000e0000000)
  object space 65024K, 13% used [0x00000000a0000000,0x00000000a085c5e0,0x00000000a3f80000)
 Metaspace       used 29311K, capacity 30036K, committed 30384K, reserved 1075200K
  class space    used 3999K, capacity 4229K, committed 4272K, reserved 1048576K
}
Event: 8.527 GC heap before
{Heap before GC invocations=10 (full 1):
 PSYoungGen      total 71680K, used 50333K [0x00000000e0000000, 0x00000000e5100000, 0x0000000100000000)
  eden space 63488K, 70% used [0x00000000e0000000,0x00000000e2bca528,0x00000000e3e00000)
  from space 8192K, 67% used [0x00000000e4900000,0x00000000e4e5d020,0x00000000e5100000)
  to   space 9728K, 0% used [0x00000000e3e00000,0x00000000e3e00000,0x00000000e4780000)
 ParOldGen       total 65024K, used 8561K [0x00000000a0000000, 0x00000000a3f80000, 0x00000000e0000000)
  object space 65024K, 13% used [0x00000000a0000000,0x00000000a085c5e0,0x00000000a3f80000)
 Metaspace       used 34436K, capacity 35248K, committed 35496K, reserved 1079296K
  class space    used 4598K, capacity 4838K, committed 4912K, reserved 1048576K
Event: 8.538 GC heap after
Heap after GC invocations=10 (full 1):
 PSYoungGen      total 73216K, used 9699K [0x00000000e0000000, 0x00000000e6100000, 0x0000000100000000)
  eden space 63488K, 0% used [0x00000000e0000000,0x00000000e0000000,0x00000000e3e00000)
  from space 9728K, 99% used [0x00000000e3e00000,0x00000000e4778e78,0x00000000e4780000)
  to   space 11264K, 0% used [0x00000000e5600000,0x00000000e5600000,0x00000000e6100000)
 ParOldGen       total 65024K, used 9768K [0x00000000a0000000, 0x00000000a3f80000, 0x00000000e0000000)
  object space 65024K, 15% used [0x00000000a0000000,0x00000000a098a098,0x00000000a3f80000)
 Metaspace       used 34436K, capacity 35248K, committed 35496K, reserved 1079296K
  class space    used 4598K, capacity 4838K, committed 4912K, reserved 1048576K
}
Event: 8.538 GC heap before
{Heap before GC invocations=11 (full 2):
 PSYoungGen      total 73216K, used 9699K [0x00000000e0000000, 0x00000000e6100000, 0x0000000100000000)
  eden space 63488K, 0% used [0x00000000e0000000,0x00000000e0000000,0x00000000e3e00000)
  from space 9728K, 99% used [0x00000000e3e00000,0x00000000e4778e78,0x00000000e4780000)
  to   space 11264K, 0% used [0x00000000e5600000,0x00000000e5600000,0x00000000e6100000)
 ParOldGen       total 65024K, used 9768K [0x00000000a0000000, 0x00000000a3f80000, 0x00000000e0000000)
  object space 65024K, 15% used [0x00000000a0000000,0x00000000a098a098,0x00000000a3f80000)
 Metaspace       used 34436K, capacity 35248K, committed 35496K, reserved 1079296K
  class space    used 4598K, capacity 4838K, committed 4912K, reserved 1048576K
Event: 8.619 GC heap after
Heap after GC invocations=11 (full 2):
 PSYoungGen      total 73216K, used 0K [0x00000000e0000000, 0x00000000e6100000, 0x0000000100000000)
  eden space 63488K, 0% used [0x00000000e0000000,0x00000000e0000000,0x00000000e3e00000)
  from space 9728K, 0% used [0x00000000e3e00000,0x00000000e3e00000,0x00000000e4780000)
  to   space 11264K, 0% used [0x00000000e5600000,0x00000000e5600000,0x00000000e6100000)
 ParOldGen       total 107520K, used 17576K [0x00000000a0000000, 0x00000000a6900000, 0x00000000e0000000)
  object space 107520K, 16% used [0x00000000a0000000,0x00000000a112a0e0,0x00000000a6900000)
 Metaspace       used 34409K, capacity 35160K, committed 35496K, reserved 1079296K
  class space    used 4590K, capacity 4830K, committed 4912K, reserved 1048576K
}
Event: 9.342 GC heap before
{Heap before GC invocations=12 (full 2):
 PSYoungGen      total 73216K, used 63488K [0x00000000e0000000, 0x00000000e6100000, 0x0000000100000000)
  eden space 63488K, 100% used [0x00000000e0000000,0x00000000e3e00000,0x00000000e3e00000)
  from space 9728K, 0% used [0x00000000e3e00000,0x00000000e3e00000,0x00000000e4780000)
  to   space 11264K, 0% used [0x00000000e5600000,0x00000000e5600000,0x00000000e6100000)
 ParOldGen       total 107520K, used 17576K [0x00000000a0000000, 0x00000000a6900000, 0x00000000e0000000)
  object space 107520K, 16% used [0x00000000a0000000,0x00000000a112a0e0,0x00000000a6900000)
 Metaspace       used 38971K, capacity 39762K, committed 40240K, reserved 1083392K
  class space    used 5170K, capacity 5399K, committed 5424K, reserved 1048576K
Event: 9.349 GC heap after
Heap after GC invocations=12 (full 2):
 PSYoungGen      total 87040K, used 6069K [0x00000000e0000000, 0x00000000e6000000, 0x0000000100000000)
  eden space 76800K, 0% used [0x00000000e0000000,0x00000000e0000000,0x00000000e4b00000)
  from space 10240K, 59% used [0x00000000e5600000,0x00000000e5bed638,0x00000000e6000000)
  to   space 10752K, 0% used [0x00000000e4b00000,0x00000000e4b00000,0x00000000e5580000)
 ParOldGen       total 107520K, used 17584K [0x00000000a0000000, 0x00000000a6900000, 0x00000000e0000000)
  object space 107520K, 16% used [0x00000000a0000000,0x00000000a112c0e0,0x00000000a6900000)
 Metaspace       used 38971K, capacity 39762K, committed 40240K, reserved 1083392K
  class space    used 5170K, capacity 5399K, committed 5424K, reserved 1048576K
}
Event: 10.912 GC heap before
{Heap before GC invocations=13 (full 2):
 PSYoungGen      total 87040K, used 82869K [0x00000000e0000000, 0x00000000e6000000, 0x0000000100000000)
  eden space 76800K, 100% used [0x00000000e0000000,0x00000000e4b00000,0x00000000e4b00000)
  from space 10240K, 59% used [0x00000000e5600000,0x00000000e5bed638,0x00000000e6000000)
  to   space 10752K, 0% used [0x00000000e4b00000,0x00000000e4b00000,0x00000000e5580000)
 ParOldGen       total 107520K, used 17584K [0x00000000a0000000, 0x00000000a6900000, 0x00000000e0000000)
  object space 107520K, 16% used [0x00000000a0000000,0x00000000a112c0e0,0x00000000a6900000)
 Metaspace       used 45830K, capacity 46838K, committed 47152K, reserved 1089536K
  class space    used 6074K, capacity 6324K, committed 6448K, reserved 1048576K
Event: 10.923 GC heap after
Heap after GC invocations=13 (full 2):
 PSYoungGen      total 87552K, used 10736K [0x00000000e0000000, 0x00000000e7100000, 0x0000000100000000)
  eden space 76800K, 0% used [0x00000000e0000000,0x00000000e0000000,0x00000000e4b00000)
  from space 10752K, 99% used [0x00000000e4b00000,0x00000000e557c1c8,0x00000000e5580000)
  to   space 11776K, 0% used [0x00000000e6580000,0x00000000e6580000,0x00000000e7100000)
 ParOldGen       total 107520K, used 17793K [0x00000000a0000000, 0x00000000a6900000, 0x00000000e0000000)
  object space 107520K, 16% used [0x00000000a0000000,0x00000000a1160430,0x00000000a6900000)
 Metaspace       used 45830K, capacity 46838K, committed 47152K, reserved 1089536K
  class space    used 6074K, capacity 6324K, committed 6448K, reserved 1048576K
}

