# JRE version: OpenJDK Runtime Environment (8.0_112-b06) (build 1.8.0_112-release-b06)
# Java VM: OpenJDK 64-Bit Server VM (25.112-b06 mixed mode windows-amd64 compressed oops)
Heap:
 PSYoungGen      total 84480K, used 45140K [0x00000000e0000000, 0x00000000e6980000, 0x0000000100000000)
  eden space 61440K, 70% used [0x00000000e0000000,0x00000000e2a252e0,0x00000000e3c00000)
  from space 23040K, 8% used [0x00000000e3c00000,0x00000000e3df0000,0x00000000e5280000)
  to   space 23040K, 0% used [0x00000000e5300000,0x00000000e5300000,0x00000000e6980000)
 ParOldGen       total 62464K, used 42006K [0x00000000a0000000, 0x00000000a3d00000, 0x00000000e0000000)
  object space 62464K, 67% used [0x00000000a0000000,0x00000000a2905a68,0x00000000a3d00000)
 Metaspace       used 60105K, capacity 62596K, committed 62888K, reserved 1105920K
  class space    used 7937K, capacity 8410K, committed 8448K, reserved 1048576K
GC Heap History (10 events):
Event: 321.032 GC heap before
{Heap before GC invocations=25 (full 5):
 PSYoungGen      total 80384K, used 73773K [0x00000000e0000000, 0x00000000e5e80000, 0x0000000100000000)
  eden space 65024K, 100% used [0x00000000e0000000,0x00000000e3f80000,0x00000000e3f80000)
  from space 15360K, 56% used [0x00000000e3f80000,0x00000000e480b400,0x00000000e4e80000)
  to   space 15360K, 0% used [0x00000000e4f80000,0x00000000e4f80000,0x00000000e5e80000)
 ParOldGen       total 62464K, used 24256K [0x00000000a0000000, 0x00000000a3d00000, 0x00000000e0000000)
  object space 62464K, 38% used [0x00000000a0000000,0x00000000a17b0398,0x00000000a3d00000)
 Metaspace       used 57579K, capacity 59504K, committed 59560K, reserved 1101824K
  class space    used 7498K, capacity 7906K, committed 7936K, reserved 1048576K
Event: 321.046 GC heap after
Heap after GC invocations=25 (full 5):
 PSYoungGen      total 79360K, used 13482K [0x00000000e0000000, 0x00000000e6200000, 0x0000000100000000)
  eden space 64000K, 0% used [0x00000000e0000000,0x00000000e0000000,0x00000000e3e80000)
  from space 15360K, 87% used [0x00000000e4f80000,0x00000000e5caa888,0x00000000e5e80000)
  to   space 17408K, 0% used [0x00000000e3e80000,0x00000000e3e80000,0x00000000e4f80000)
 ParOldGen       total 62464K, used 24264K [0x00000000a0000000, 0x00000000a3d00000, 0x00000000e0000000)
  object space 62464K, 38% used [0x00000000a0000000,0x00000000a17b2398,0x00000000a3d00000)
 Metaspace       used 57579K, capacity 59504K, committed 59560K, reserved 1101824K
  class space    used 7498K, capacity 7906K, committed 7936K, reserved 1048576K
}
Event: 356.270 GC heap before
{Heap before GC invocations=26 (full 5):
 PSYoungGen      total 79360K, used 77482K [0x00000000e0000000, 0x00000000e6200000, 0x0000000100000000)
  eden space 64000K, 100% used [0x00000000e0000000,0x00000000e3e80000,0x00000000e3e80000)
  from space 15360K, 87% used [0x00000000e4f80000,0x00000000e5caa888,0x00000000e5e80000)
  to   space 17408K, 0% used [0x00000000e3e80000,0x00000000e3e80000,0x00000000e4f80000)
 ParOldGen       total 62464K, used 24264K [0x00000000a0000000, 0x00000000a3d00000, 0x00000000e0000000)
  object space 62464K, 38% used [0x00000000a0000000,0x00000000a17b2398,0x00000000a3d00000)
 Metaspace       used 58141K, capacity 59982K, committed 60200K, reserved 1103872K
  class space    used 7590K, capacity 7977K, committed 8064K, reserved 1048576K
Event: 356.286 GC heap after
Heap after GC invocations=26 (full 5):
 PSYoungGen      total 81408K, used 16307K [0x00000000e0000000, 0x00000000e6600000, 0x0000000100000000)
  eden space 64000K, 0% used [0x00000000e0000000,0x00000000e0000000,0x00000000e3e80000)
  from space 17408K, 93% used [0x00000000e3e80000,0x00000000e4e6cd30,0x00000000e4f80000)
  to   space 19968K, 0% used [0x00000000e5280000,0x00000000e5280000,0x00000000e6600000)
 ParOldGen       total 62464K, used 24272K [0x00000000a0000000, 0x00000000a3d00000, 0x00000000e0000000)
  object space 62464K, 38% used [0x00000000a0000000,0x00000000a17b4398,0x00000000a3d00000)
 Metaspace       used 58141K, capacity 59982K, committed 60200K, reserved 1103872K
  class space    used 7590K, capacity 7977K, committed 8064K, reserved 1048576K
}
Event: 357.734 GC heap before
{Heap before GC invocations=27 (full 5):
 PSYoungGen      total 81408K, used 75751K [0x00000000e0000000, 0x00000000e6600000, 0x0000000100000000)
  eden space 64000K, 92% used [0x00000000e0000000,0x00000000e3a0d278,0x00000000e3e80000)
  from space 17408K, 93% used [0x00000000e3e80000,0x00000000e4e6cd30,0x00000000e4f80000)
  to   space 19968K, 0% used [0x00000000e5280000,0x00000000e5280000,0x00000000e6600000)
 ParOldGen       total 62464K, used 24272K [0x00000000a0000000, 0x00000000a3d00000, 0x00000000e0000000)
  object space 62464K, 38% used [0x00000000a0000000,0x00000000a17b4398,0x00000000a3d00000)
 Metaspace       used 59858K, capacity 62192K, committed 62376K, reserved 1105920K
  class space    used 7918K, capacity 8392K, committed 8448K, reserved 1048576K
Event: 357.752 GC heap after
Heap after GC invocations=27 (full 5):
 PSYoungGen      total 81408K, used 18963K [0x00000000e0000000, 0x00000000e6c00000, 0x0000000100000000)
  eden space 61440K, 0% used [0x00000000e0000000,0x00000000e0000000,0x00000000e3c00000)
  from space 19968K, 94% used [0x00000000e5280000,0x00000000e6504d88,0x00000000e6600000)
  to   space 23040K, 0% used [0x00000000e3c00000,0x00000000e3c00000,0x00000000e5280000)
 ParOldGen       total 62464K, used 24280K [0x00000000a0000000, 0x00000000a3d00000, 0x00000000e0000000)
  object space 62464K, 38% used [0x00000000a0000000,0x00000000a17b6398,0x00000000a3d00000)
 Metaspace       used 59858K, capacity 62192K, committed 62376K, reserved 1105920K
  class space    used 7918K, capacity 8392K, committed 8448K, reserved 1048576K
}
Event: 357.752 GC heap before
{Heap before GC invocations=28 (full 6):
 PSYoungGen      total 81408K, used 18963K [0x00000000e0000000, 0x00000000e6c00000, 0x0000000100000000)
  eden space 61440K, 0% used [0x00000000e0000000,0x00000000e0000000,0x00000000e3c00000)
  from space 19968K, 94% used [0x00000000e5280000,0x00000000e6504d88,0x00000000e6600000)
  to   space 23040K, 0% used [0x00000000e3c00000,0x00000000e3c00000,0x00000000e5280000)
 ParOldGen       total 62464K, used 24280K [0x00000000a0000000, 0x00000000a3d00000, 0x00000000e0000000)
  object space 62464K, 38% used [0x00000000a0000000,0x00000000a17b6398,0x00000000a3d00000)
 Metaspace       used 59858K, capacity 62192K, committed 62376K, reserved 1105920K
  class space    used 7918K, capacity 8392K, committed 8448K, reserved 1048576K
Event: 358.081 GC heap after
Heap after GC invocations=28 (full 6):
 PSYoungGen      total 81408K, used 0K [0x00000000e0000000, 0x00000000e6c00000, 0x0000000100000000)
  eden space 61440K, 0% used [0x00000000e0000000,0x00000000e0000000,0x00000000e3c00000)
  from space 19968K, 0% used [0x00000000e5280000,0x00000000e5280000,0x00000000e6600000)
  to   space 23040K, 0% used [0x00000000e3c00000,0x00000000e3c00000,0x00000000e5280000)
 ParOldGen       total 62464K, used 41998K [0x00000000a0000000, 0x00000000a3d00000, 0x00000000e0000000)
  object space 62464K, 67% used [0x00000000a0000000,0x00000000a2903a68,0x00000000a3d00000)
 Metaspace       used 59858K, capacity 62192K, committed 62376K, reserved 1105920K
  class space    used 7918K, capacity 8392K, committed 8448K, reserved 1048576K
}
Event: 387.274 GC heap before
{Heap before GC invocations=29 (full 6):
 PSYoungGen      total 81408K, used 61440K [0x00000000e0000000, 0x00000000e6c00000, 0x0000000100000000)
  eden space 61440K, 100% used [0x00000000e0000000,0x00000000e3c00000,0x00000000e3c00000)
  from space 19968K, 0% used [0x00000000e5280000,0x00000000e5280000,0x00000000e6600000)
  to   space 23040K, 0% used [0x00000000e3c00000,0x00000000e3c00000,0x00000000e5280000)
 ParOldGen       total 62464K, used 41998K [0x00000000a0000000, 0x00000000a3d00000, 0x00000000e0000000)
  object space 62464K, 67% used [0x00000000a0000000,0x00000000a2903a68,0x00000000a3d00000)
 Metaspace       used 59976K, capacity 62468K, committed 62632K, reserved 1105920K
  class space    used 7935K, capacity 8410K, committed 8448K, reserved 1048576K
Event: 387.278 GC heap after
Heap after GC invocations=29 (full 6):
 PSYoungGen      total 84480K, used 1984K [0x00000000e0000000, 0x00000000e6980000, 0x0000000100000000)
  eden space 61440K, 0% used [0x00000000e0000000,0x00000000e0000000,0x00000000e3c00000)
  from space 23040K, 8% used [0x00000000e3c00000,0x00000000e3df0000,0x00000000e5280000)
  to   space 23040K, 0% used [0x00000000e5300000,0x00000000e5300000,0x00000000e6980000)
 ParOldGen       total 62464K, used 42006K [0x00000000a0000000, 0x00000000a3d00000, 0x00000000e0000000)
  object space 62464K, 67% used [0x00000000a0000000,0x00000000a2905a68,0x00000000a3d00000)
 Metaspace       used 59976K, capacity 62468K, committed 62632K, reserved 1105920K
  class space    used 7935K, capacity 8410K, committed 8448K, reserved 1048576K
}

